-- The C compiler identification is GNU 11.4.0
-- The CXX compiler identification is GNU 11.4.0
-- Detecting C compiler ABI info
-- Detecting C compiler ABI info - done
-- Check for working C compiler: /usr/bin/cc - skipped
-- Detecting C compile features
-- Detecting C compile features - done
-- Detecting CXX compiler ABI info
-- Detecting CXX compiler ABI info - done
-- Check for working CXX compiler: /usr/bin/c++ - skipped
-- Detecting CXX compile features
-- Detecting CXX compile features - done
-- Found ament_cmake_auto: 1.3.11 (/opt/ros/humble/share/ament_cmake_auto/cmake)
-- Found Python3: /usr/bin/python3 (found version "3.10.12") found components: Interpreter 
-- Override CMake install command with custom implementation using symlinks instead of copying resources
-- Found rosidl_generator_c: 3.1.6 (/opt/ros/humble/share/rosidl_generator_c/cmake)
-- Found rosidl_adapter: 3.1.6 (/opt/ros/humble/share/rosidl_adapter/cmake)
-- Found rosidl_generator_cpp: 3.1.6 (/opt/ros/humble/share/rosidl_generator_cpp/cmake)
-- Using all available rosidl_typesupport_c: rosidl_typesupport_fastrtps_c;rosidl_typesupport_introspection_c
-- Using all available rosidl_typesupport_cpp: rosidl_typesupport_fastrtps_cpp;rosidl_typesupport_introspection_cpp
-- Found rmw_implementation_cmake: 6.1.2 (/opt/ros/humble/share/rmw_implementation_cmake/cmake)
-- Found rmw_fastrtps_cpp: 6.2.7 (/opt/ros/humble/share/rmw_fastrtps_cpp/cmake)
-- Found OpenSSL: /usr/lib/x86_64-linux-gnu/libcrypto.so (found version "3.0.2")  
-- Found FastRTPS: /opt/ros/humble/include  
-- Using RMW implementation 'rmw_fastrtps_cpp' as default
-- Looking for pthread.h
-- Looking for pthread.h - found
-- Performing Test CMAKE_HAVE_LIBC_PTHREAD
-- Performing Test CMAKE_HAVE_LIBC_PTHREAD - Success
-- Found Threads: TRUE  
-- Found asio_cmake_module: 1.2.0 (/opt/ros/humble/share/asio_cmake_module/cmake)
-- Found ASIO: /usr/include  
-- Found ament_lint_auto: 0.12.11 (/opt/ros/humble/share/ament_lint_auto/cmake)
-- Added test 'cppcheck' to perform static code analysis on C / C++ code
-- Configured cppcheck include dirs: /home/kyle/RM/tracker/traker/test_ws/src/rm_serial_driver/include
-- Configured cppcheck exclude dirs and/or files: 
-- Added test 'cpplint' to check C / C++ code against the Google style
-- Configured cpplint exclude dirs and/or files: 
-- Added test 'flake8' to check Python code syntax and style conventions
-- Added test 'lint_cmake' to check CMake code style
-- Added test 'pep257' to check Python code against some of the docstring style conventions in PEP 257
-- Added test 'xmllint' to check XML markup files
-- Added test 'clang_format' to check C / C++ code style
-- Configuring done
-- Generating done
-- Build files have been written to: /home/kyle/RM/tracker/traker/test_ws/build/rm_serial_driver
[ 20%] [32mBuilding CXX object CMakeFiles/rm_serial_driver.dir/src/rm_serial_driver.cpp.o[0m
[ 40%] [32mBuilding CXX object CMakeFiles/rm_serial_driver.dir/src/crc.cpp.o[0m
[ 60%] [32mBuilding CXX object CMakeFiles/rm_serial_driver_node.dir/rclcpp_components/node_main_rm_serial_driver_node.cpp.o[0m
[ 80%] [32m[1mLinking CXX executable rm_serial_driver_node[0m
[ 80%] Built target rm_serial_driver_node
[01m[K/home/kyle/RM/tracker/traker/test_ws/src/rm_serial_driver/src/rm_serial_driver.cpp:[m[K In member function â€˜[01m[Kvoid rm_serial_driver::RMSerialDriver::receiveData()[m[Kâ€™:
[01m[K/home/kyle/RM/tracker/traker/test_ws/src/rm_serial_driver/src/rm_serial_driver.cpp:158:46:[m[K [01;31m[Kerror: [m[Kâ€˜[01m[Kstruct rm_serial_driver::ReceivePacket[m[Kâ€™ has no member named â€˜[01m[Kcurrent_v[m[Kâ€™
  158 |           current_velocity.velocity = packet.[01;31m[Kcurrent_v[m[K;
      |                                              [01;31m[K^~~~~~~~~[m[K
[01m[K/home/kyle/RM/tracker/traker/test_ws/src/rm_serial_driver/src/rm_serial_driver.cpp:[m[K In member function â€˜[01m[Kvoid rm_serial_driver::RMSerialDriver::sendData(auto_aim_interfaces::msg::Send_<std::allocator<void> >::SharedPtr)[m[Kâ€™:
[01m[K/home/kyle/RM/tracker/traker/test_ws/src/rm_serial_driver/src/rm_serial_driver.cpp:190:12:[m[K [01;31m[Kerror: [m[Kâ€˜[01m[Kstruct rm_serial_driver::SendPacket[m[Kâ€™ has no member named â€˜[01m[Kis_fire[m[Kâ€™
  190 |     packet.[01;31m[Kis_fire[m[K = msg->is_fire;
      |            [01;31m[K^~~~~~~[m[K
[01m[K/home/kyle/RM/tracker/traker/test_ws/src/rm_serial_driver/src/rm_serial_driver.cpp:196:12:[m[K [01;31m[Kerror: [m[Kâ€˜[01m[Kstruct rm_serial_driver::SendPacket[m[Kâ€™ has no member named â€˜[01m[Kpitch[m[Kâ€™
  196 |     packet.[01;31m[Kpitch[m[K = msg->pitch;
      |            [01;31m[K^~~~~[m[K
[01m[K/home/kyle/RM/tracker/traker/test_ws/src/rm_serial_driver/src/rm_serial_driver.cpp:204:38:[m[K [01;31m[Kerror: [m[Kâ€˜[01m[Kstruct rm_serial_driver::SendPacket[m[Kâ€™ has no member named â€˜[01m[Kpitch[m[Kâ€™
  204 |     std::cout << "pitch: " << packet.[01;31m[Kpitch[m[K << "yaw: " << packet.yaw << std::endl;
      |                                      [01;31m[K^~~~~[m[K
In file included from [01m[K/opt/ros/humble/include/rclcpp/rclcpp/logging.hpp:24[m[K,
                 from [01m[K/opt/ros/humble/include/rclcpp/rclcpp/experimental/subscription_intra_process_base.hpp:27[m[K,
                 from [01m[K/opt/ros/humble/include/rclcpp/rclcpp/experimental/ros_message_intra_process_buffer.hpp:25[m[K,
                 from [01m[K/opt/ros/humble/include/rclcpp/rclcpp/experimental/intra_process_manager.hpp:31[m[K,
                 from [01m[K/opt/ros/humble/include/rclcpp/rclcpp/publisher.hpp:35[m[K,
                 from [01m[K/home/kyle/RM/tracker/traker/test_ws/src/rm_serial_driver/include/rm_serial_driver/rm_serial_driver.hpp:4[m[K,
                 from [01m[K/home/kyle/RM/tracker/traker/test_ws/src/rm_serial_driver/src/rm_serial_driver.cpp:4[m[K:
[01m[K/home/kyle/RM/tracker/traker/test_ws/src/rm_serial_driver/src/rm_serial_driver.cpp:210:58:[m[K [01;31m[Kerror: [m[Kâ€˜[01m[Kstruct rm_serial_driver::SendPacket[m[Kâ€™ has no member named â€˜[01m[Kpitch[m[Kâ€™
  210 |     RCLCPP_INFO(get_logger(), "[Send] pitch %f!", packet.[01;31m[Kpitch[m[K);
      |                                                          [01;31m[K^~~~~[m[K
gmake[2]: *** [CMakeFiles/rm_serial_driver.dir/build.make:76ï¼šCMakeFiles/rm_serial_driver.dir/src/rm_serial_driver.cpp.o] é”™è¯¯ 1
gmake[1]: *** [CMakeFiles/Makefile2:139ï¼šCMakeFiles/rm_serial_driver.dir/all] é”™è¯¯ 2
gmake: *** [Makefile:146ï¼šall] é”™è¯¯ 2
